F:\VISUAL STUDIO PROJECTS\2012\C++\OPENCV\SKINDETECTION\SKINDETECTION\DEBUG\SKINDETECTOR.OBJ
F:\VISUAL STUDIO PROJECTS\2012\C++\OPENCV\SKINDETECTION\SKINDETECTION\DEBUG\SOURCE.OBJ
F:\VISUAL STUDIO PROJECTS\2012\C++\OPENCV\SKINDETECTION\SKINDETECTION\DEBUG\VC110.PDB
F:\VISUAL STUDIO PROJECTS\2012\C++\OPENCV\SKINDETECTION\DEBUG\SKINDETECTION.ILK
F:\VISUAL STUDIO PROJECTS\2012\C++\OPENCV\SKINDETECTION\DEBUG\SKINDETECTION.EXE
F:\VISUAL STUDIO PROJECTS\2012\C++\OPENCV\SKINDETECTION\DEBUG\SKINDETECTION.PDB
F:\Visual Studio Projects\2012\C++\OpenCV\SkinDetection\SkinDetection\Debug\SkinDetector.obj
F:\Visual Studio Projects\2012\C++\OpenCV\SkinDetection\SkinDetection\Debug\Source.obj
F:\Visual Studio Projects\2012\C++\OpenCV\SkinDetection\SkinDetection\Debug\cl.command.1.tlog
F:\Visual Studio Projects\2012\C++\OpenCV\SkinDetection\SkinDetection\Debug\CL.read.1.tlog
F:\Visual Studio Projects\2012\C++\OpenCV\SkinDetection\SkinDetection\Debug\CL.write.1.tlog
F:\Visual Studio Projects\2012\C++\OpenCV\SkinDetection\SkinDetection\Debug\link-cvtres.read.1.tlog
F:\Visual Studio Projects\2012\C++\OpenCV\SkinDetection\SkinDetection\Debug\link-cvtres.write.1.tlog
F:\Visual Studio Projects\2012\C++\OpenCV\SkinDetection\SkinDetection\Debug\link-rc.read.1.tlog
F:\Visual Studio Projects\2012\C++\OpenCV\SkinDetection\SkinDetection\Debug\link-rc.write.1.tlog
F:\Visual Studio Projects\2012\C++\OpenCV\SkinDetection\SkinDetection\Debug\link.command.1.tlog
F:\Visual Studio Projects\2012\C++\OpenCV\SkinDetection\SkinDetection\Debug\link.read.1.tlog
F:\Visual Studio Projects\2012\C++\OpenCV\SkinDetection\SkinDetection\Debug\link.write.1.tlog
F:\Visual Studio Projects\2012\C++\OpenCV\SkinDetection\SkinDetection\Debug\vc110.idb
F:\Visual Studio Projects\2012\C++\OpenCV\SkinDetection\SkinDetection\Debug\vc110.pdb
F:\Visual Studio Projects\2012\C++\OpenCV\SkinDetection\Debug\SkinDetection.pdb
F:\Visual Studio Projects\2012\C++\OpenCV\SkinDetection\Debug\SkinDetection.exe
F:\Visual Studio Projects\2012\C++\OpenCV\SkinDetection\Debug\SkinDetection.ilk
